<?xml version="1.0" encoding="UTF-8"?>
<!-- Generated by org.testng.reporters.JUnitReportReporter -->
<testsuite hostname="LAPTOP-DK38VD03" failures="0" tests="1" name="com.sportyshoes.restAssuredScripts.Add_Request_using_PostMethod" time="1.038" errors="0" timestamp="2023-11-14T22:03:44 IST" skipped="0">
  <testcase classname="com.sportyshoes.restAssuredScripts.Add_Request_using_PostMethod" name="add_a_request" time="1.038"/>
  <system-out/>
</testsuite> <!-- com.sportyshoes.restAssuredScripts.Add_Request_using_PostMethod -->
