<?xml version="1.0" encoding="UTF-8"?>
<!-- Generated by org.testng.reporters.JUnitReportReporter -->
<testsuite hostname="LAPTOP-DK38VD03" failures="0" tests="4" name="com.sportyshoes.Tests.LoginPageTest" time="0.413" errors="0" timestamp="2023-11-15T11:52:21 IST" skipped="0">
  <testcase classname="com.sportyshoes.Tests.LoginPageTest" name="test_login" time="0.318"/>
  <system-out/>
  <testcase classname="com.sportyshoes.Tests.LoginPageTest" name="test_getTitle_page" time="0.010"/>
  <system-out/>
  <testcase classname="com.sportyshoes.Tests.LoginPageTest" name="Test_validate_registration_Text" time="0.024"/>
  <system-out/>
  <testcase classname="com.sportyshoes.Tests.LoginPageTest" name="test_click_cart" time="0.061"/>
  <system-out/>
</testsuite> <!-- com.sportyshoes.Tests.LoginPageTest -->
