<?xml version="1.0" encoding="UTF-8"?>
<!-- Generated by org.testng.reporters.JUnitReportReporter -->
<testsuite hostname="LAPTOP-DK38VD03" failures="0" tests="1" name="com.sportyshoes.restAssuredScripts.GetAllProductUser" time="0.987" errors="0" timestamp="2023-11-14T21:56:34 IST" skipped="0">
  <testcase classname="com.sportyshoes.restAssuredScripts.GetAllProductUser" name="get_all_Register_User" time="0.987"/>
  <system-out/>
</testsuite> <!-- com.sportyshoes.restAssuredScripts.GetAllProductUser -->
