<?xml version="1.0" encoding="UTF-8"?>
<!-- Generated by org.testng.reporters.JUnitReportReporter -->
<testsuite hostname="LAPTOP-DK38VD03" failures="0" tests="4" name="com.sportyshoes.restAssuredScripts.GetAllShoes" time="1.032" errors="0" timestamp="2023-11-14T10:35:05 IST" skipped="0">
  <testcase classname="com.sportyshoes.restAssuredScripts.GetAllShoes" name="get_all_shoes" time="0.933"/>
  <system-out/>
  <testcase classname="com.sportyshoes.restAssuredScripts.GetAllShoes" name="get_all_Register_User" time="0.014"/>
  <system-out/>
  <testcase classname="com.sportyshoes.restAssuredScripts.GetAllShoes" name="Update_a_request" time="0.044"/>
  <system-out/>
  <testcase classname="com.sportyshoes.restAssuredScripts.GetAllShoes" name="add_a_request" time="0.041"/>
  <system-out/>
</testsuite> <!-- com.sportyshoes.restAssuredScripts.GetAllShoes -->
