<?xml version="1.0" encoding="UTF-8"?>
<!-- Generated by org.testng.reporters.JUnitReportReporter -->
<testsuite hostname="LAPTOP-DK38VD03" failures="0" tests="1" name="com.sportyshoes.restAssuredScripts.DeleteProduct" time="1.427" errors="0" timestamp="2023-11-14T22:24:35 IST" skipped="0">
  <testcase classname="com.sportyshoes.restAssuredScripts.DeleteProduct" name="deleteProduct" time="1.427"/>
  <system-out/>
</testsuite> <!-- com.sportyshoes.restAssuredScripts.DeleteProduct -->
