<?xml version="1.0" encoding="UTF-8"?>
<!-- Generated by org.testng.reporters.JUnitReportReporter -->
<testsuite hostname="LAPTOP-DK38VD03" failures="0" tests="2" name="com.sportyshoes.seleniumscripts.Script001LoginPage" time="4.412" errors="0" timestamp="2023-11-15T11:20:16 IST" skipped="0">
  <testcase classname="com.sportyshoes.seleniumscripts.Script001LoginPage" name="RegisterPage" time="2.866"/>
  <system-out/>
  <testcase classname="com.sportyshoes.seleniumscripts.Script001LoginPage" name="loginPage" time="1.546"/>
  <system-out/>
</testsuite> <!-- com.sportyshoes.seleniumscripts.Script001LoginPage -->
