<?xml version="1.0" encoding="UTF-8"?>
<!-- Generated by org.testng.reporters.JUnitReportReporter -->
<testsuite hostname="LAPTOP-DK38VD03" failures="0" tests="3" name="com.sportyshoes.Tests.AddtoCartPageTest" time="0.349" errors="0" timestamp="2023-11-15T12:03:01 IST" skipped="0">
  <testcase classname="com.sportyshoes.Tests.AddtoCartPageTest" name="test_login" time="0.283"/>
  <system-out/>
  <testcase classname="com.sportyshoes.Tests.AddtoCartPageTest" name="test_add_product_to_cart" time="0.037"/>
  <system-out/>
  <testcase classname="com.sportyshoes.Tests.AddtoCartPageTest" name="test_validate_success_message" time="0.029"/>
  <system-out/>
</testsuite> <!-- com.sportyshoes.Tests.AddtoCartPageTest -->
