<?xml version="1.0" encoding="UTF-8"?>
<!-- Generated by org.testng.reporters.JUnitReportReporter -->
<testsuite hostname="LAPTOP-DK38VD03" failures="0" tests="3" name="com.sportyshoes.Tests.HomePageTest" time="1.645" errors="0" timestamp="2023-11-15T11:26:07 IST" skipped="0">
  <testcase classname="com.sportyshoes.Tests.HomePageTest" name="test_getTitle_page" time="0.013"/>
  <system-out/>
  <testcase classname="com.sportyshoes.Tests.HomePageTest" name="Test_Validate_Text_On_Page" time="0.029"/>
  <system-out/>
  <testcase classname="com.sportyshoes.Tests.HomePageTest" name="test_click_register_link" time="1.603"/>
  <system-out/>
</testsuite> <!-- com.sportyshoes.Tests.HomePageTest -->
