<?xml version="1.0" encoding="UTF-8"?>
<!-- Generated by org.testng.reporters.JUnitReportReporter -->
<testsuite hostname="LAPTOP-DK38VD03" failures="0" tests="1" name="com.sportyshoes.seleniumscripts.setupcheck" time="3.689" errors="0" timestamp="2023-11-14T10:39:52 IST" skipped="0">
  <testcase classname="com.sportyshoes.seleniumscripts.setupcheck" name="setup_check" time="3.689"/>
  <system-out/>
</testsuite> <!-- com.sportyshoes.seleniumscripts.setupcheck -->
