<?xml version="1.0" encoding="UTF-8"?>
<!-- Generated by org.testng.reporters.JUnitReportReporter -->
<testsuite hostname="LAPTOP-DK38VD03" failures="0" tests="5" name="com.sportyshoes.Tests.RegisterPageTest" time="1.954" errors="0" timestamp="2023-11-15T11:41:37 IST" skipped="0">
  <testcase classname="com.sportyshoes.Tests.RegisterPageTest" name="test_click_register_link" time="1.619"/>
  <system-out/>
  <testcase classname="com.sportyshoes.Tests.RegisterPageTest" name="test_getTitle_page" time="0.011"/>
  <system-out/>
  <testcase classname="com.sportyshoes.Tests.RegisterPageTest" name="Test_register_user" time="0.287"/>
  <system-out/>
  <testcase classname="com.sportyshoes.Tests.RegisterPageTest" name="Test_validate_registration_URL" time="0.008"/>
  <system-out/>
  <testcase classname="com.sportyshoes.Tests.RegisterPageTest" name="Test_validate_registration_Text" time="0.029"/>
  <system-out/>
</testsuite> <!-- com.sportyshoes.Tests.RegisterPageTest -->
