<?xml version="1.0" encoding="UTF-8"?>
<!-- Generated by org.testng.reporters.JUnitReportReporter -->
<testsuite hostname="LAPTOP-DK38VD03" failures="0" tests="1" name="com.sportyshoes.restAssuredScripts.GetAllProduct" time="0.989" errors="0" timestamp="2023-11-14T21:47:48 IST" skipped="0">
  <testcase classname="com.sportyshoes.restAssuredScripts.GetAllProduct" name="get_all_shoes" time="0.989"/>
  <system-out/>
</testsuite> <!-- com.sportyshoes.restAssuredScripts.GetAllProduct -->
