<?xml version="1.0" encoding="UTF-8"?>
<!-- Generated by org.testng.reporters.JUnitReportReporter -->
<testsuite hostname="LAPTOP-DK38VD03" failures="0" tests="1" name="com.sportyshoes.restAssuredScripts.UpdateRequest" time="1.370" errors="0" timestamp="2023-11-14T22:20:19 IST" skipped="0">
  <testcase classname="com.sportyshoes.restAssuredScripts.UpdateRequest" name="Update_a_request" time="1.370"/>
  <system-out/>
</testsuite> <!-- com.sportyshoes.restAssuredScripts.UpdateRequest -->
