<?xml version="1.0" encoding="UTF-8"?>
<!-- Generated by org.testng.reporters.JUnitReportReporter -->
<testsuite hostname="LAPTOP-DK38VD03" failures="0" tests="3" name="com.sportyshoes.Tests.OrderpageTest" time="0.378" errors="0" timestamp="2023-11-15T12:09:37 IST" skipped="0">
  <testcase classname="com.sportyshoes.Tests.OrderpageTest" name="test_login" time="0.187"/>
  <system-out/>
  <testcase classname="com.sportyshoes.Tests.OrderpageTest" name="test_click_orders" time="0.173"/>
  <system-out/>
  <testcase classname="com.sportyshoes.Tests.OrderpageTest" name="test_getTitle_page" time="0.018"/>
  <system-out/>
</testsuite> <!-- com.sportyshoes.Tests.OrderpageTest -->
